<?xml version="1.0" encoding="UTF-8"?>
<testng-results ignored="0" total="1" passed="1" failed="0" skipped="0">
  <reporter-output>
  </reporter-output>
  <suite started-at="2023-10-02T11:10:00 IST" name="Default suite" finished-at="2023-10-02T11:10:00 IST" duration-ms="434">
    <groups>
    </groups>
    <test started-at="2023-10-02T11:10:00 IST" name="Default test" finished-at="2023-10-02T11:10:00 IST" duration-ms="434">
      <class name="API_concepts5.FakerDataGenerator">
        <test-method signature="generateFakeData()[pri:0, instance:API_concepts5.FakerDataGenerator@1151e434]" started-at="2023-10-02T11:10:00 IST" name="generateFakeData" finished-at="2023-10-02T11:10:00 IST" duration-ms="347" status="PASS">
          <reporter-output>
          </reporter-output>
        </test-method> <!-- generateFakeData -->
      </class> <!-- API_concepts5.FakerDataGenerator -->
    </test> <!-- Default test -->
  </suite> <!-- Default suite -->
</testng-results>
