<?xml version="1.0" encoding="UTF-8"?>
<testng-results ignored="0" total="1" passed="1" failed="0" skipped="0">
  <reporter-output>
  </reporter-output>
  <suite started-at="2023-10-01T12:17:57 IST" name="Default suite" finished-at="2023-10-01T12:18:00 IST" duration-ms="3183">
    <groups>
    </groups>
    <test started-at="2023-10-01T12:17:57 IST" name="Default test" finished-at="2023-10-01T12:18:00 IST" duration-ms="3183">
      <class name="API_concepts4.Authentications">
        <test-method signature="testAPIKeyAuthen()[pri:0, instance:API_concepts4.Authentications@4c1909a3]" started-at="2023-10-01T12:17:57 IST" name="testAPIKeyAuthen" finished-at="2023-10-01T12:18:00 IST" duration-ms="3087" status="PASS">
          <reporter-output>
          </reporter-output>
        </test-method> <!-- testAPIKeyAuthen -->
      </class> <!-- API_concepts4.Authentications -->
    </test> <!-- Default test -->
  </suite> <!-- Default suite -->
</testng-results>
